<?xml version="1.0" encoding="UTF-8"?>
<coverage generated="1733750221256" clover="3.2.0">
  <project timestamp="1733750221256" name="All files">
    <metrics statements="6" coveredstatements="3" conditionals="0" coveredconditionals="0" methods="5" coveredmethods="2" elements="11" coveredelements="5" complexity="0" loc="6" ncloc="6" packages="1" files="2" classes="2"/>
    <file name="Home.jsx" path="C:\Users\Nitesh.Pandey\PycharmProjects\base_code\frontend\src\components\Home.jsx">
      <metrics statements="4" coveredstatements="1" conditionals="0" coveredconditionals="0" methods="4" coveredmethods="1"/>
      <line num="4" count="1" type="stmt"/>
      <line num="9" count="0" type="stmt"/>
      <line num="10" count="0" type="stmt"/>
      <line num="11" count="0" type="stmt"/>
    </file>
    <file name="button.js" path="C:\Users\Nitesh.Pandey\PycharmProjects\base_code\frontend\src\components\button.js">
      <metrics statements="2" coveredstatements="2" conditionals="0" coveredconditionals="0" methods="1" coveredmethods="1"/>
      <line num="3" count="1" type="stmt"/>
      <line num="4" count="1" type="stmt"/>
    </file>
  </project>
</coverage>
