{"C:\\Users\\Nitesh.Pandey\\PycharmProjects\\base_code\\frontend\\src\\components\\Home.jsx": {"path":"C:\\Users\\Nitesh.Pandey\\PycharmProjects\\base_code\\frontend\\src\\components\\Home.jsx","statementMap":{"0":{"start":{"line":4,"column":2},"end":{"line":14,"column":4}},"1":{"start":{"line":9,"column":31},"end":{"line":9,"column":67}},"2":{"start":{"line":10,"column":31},"end":{"line":10,"column":70}},"3":{"start":{"line":11,"column":31},"end":{"line":11,"column":69}}},"fnMap":{"0":{"name":"Home","decl":{"start":{"line":3,"column":9},"end":{"line":3,"column":13}},"loc":{"start":{"line":3,"column":16},"end":{"line":15,"column":1}},"line":3},"1":{"name":"(anonymous_1)","decl":{"start":{"line":9,"column":25},"end":{"line":9,"column":26}},"loc":{"start":{"line":9,"column":31},"end":{"line":9,"column":67}},"line":9},"2":{"name":"(anonymous_2)","decl":{"start":{"line":10,"column":25},"end":{"line":10,"column":26}},"loc":{"start":{"line":10,"column":31},"end":{"line":10,"column":70}},"line":10},"3":{"name":"(anonymous_3)","decl":{"start":{"line":11,"column":25},"end":{"line":11,"column":26}},"loc":{"start":{"line":11,"column":31},"end":{"line":11,"column":69}},"line":11}},"branchMap":{},"s":{"0":1,"1":0,"2":0,"3":0},"f":{"0":1,"1":0,"2":0,"3":0},"b":{},"_coverageSchema":"1a1c01bbd47fc00a2c39e90264f33305004495a9","hash":"f9d6773a048d1d324ba59b33364a778a0cf362a5"}
,"C:\\Users\\Nitesh.Pandey\\PycharmProjects\\base_code\\frontend\\src\\components\\button.js": {"path":"C:\\Users\\Nitesh.Pandey\\PycharmProjects\\base_code\\frontend\\src\\components\\button.js","statementMap":{"0":{"start":{"line":3,"column":15},"end":{"line":5,"column":1}},"1":{"start":{"line":4,"column":2},"end":{"line":4,"column":52}}},"fnMap":{"0":{"name":"(anonymous_0)","decl":{"start":{"line":3,"column":15},"end":{"line":3,"column":16}},"loc":{"start":{"line":3,"column":39},"end":{"line":5,"column":1}},"line":3}},"branchMap":{},"s":{"0":1,"1":1},"f":{"0":1},"b":{},"_coverageSchema":"1a1c01bbd47fc00a2c39e90264f33305004495a9","hash":"0f0d4d690e77d69964148b091363b8dbdf254a9c"}
}
